[index-2.html]
[backblue.gif]
[fade.gif]
[index.html]
[index-3.html]
[images/punk.png]
[_next/static/css/e439d4362b2cb5ba3221.css]
[_next/static/chunks/polyfills-a40ef1678bae11e696dba45124eadd70.js]
[_next/static/chunks/webpack-483a2d4fb3ade84a5d64.js]
[_next/static/chunks/framework-2f612445bd50b211f15a.js]
[_next/static/chunks/main-bae6c3d363e548fddd65.js]
[_next/static/chunks/pages/_app-e1d3a696bb4b3de8e7cd.js]
[_next/static/chunks/0a6e12db-052c34a7765e036cf1b8.js]
[_next/static/chunks/21653eb8-67b674f7468a2ebb16cd.js]
[_next/static/chunks/pages/index-a572b2f2af8aecea7a5d.js]
[_next/static/7sZoT2xw6fCe4Aa2S6p3V/_buildManifest.js]
[_next/static/chunks/151-eb189f6fa6ee061b7791.js]
[_next/static/7sZoT2xw6fCe4Aa2S6p3V/_ssgManifest.js]
[images/punkgi.gif]
[images/opensea.svg]
[images/etherscan.svg]
[index-2.html]
[index-3.html]
[index-4.html]
[_next/static/css/57e251997b977bcc4ba7.css]
[_next/static/css/e439d4362b2cb5ba3221.css]
[images/opensea.svg]
[images/etherscan.svg]
